31-May-2020 01:16:27.197 信息 [main] org.apache.catalina.startup.VersionLoggerListener.log Server.服务器版本:        Apache Tomcat/9.0.22
31-May-2020 01:16:27.203 信息 [main] org.apache.catalina.startup.VersionLoggerListener.log Server.构建:          Jul 4 2019 14:20:06 UTC
31-May-2020 01:16:27.204 信息 [main] org.apache.catalina.startup.VersionLoggerListener.log Server version number: 9.0.22.0
31-May-2020 01:16:27.204 信息 [main] org.apache.catalina.startup.VersionLoggerListener.log OS Name:               Windows 10
31-May-2020 01:16:27.204 信息 [main] org.apache.catalina.startup.VersionLoggerListener.log OS.版本:            10.0
31-May-2020 01:16:27.204 信息 [main] org.apache.catalina.startup.VersionLoggerListener.log 结.造:          amd64
31-May-2020 01:16:27.204 信息 [main] org.apache.catalina.startup.VersionLoggerListener.log Java 环境变量:             D:\JDK\jdk-11.0.7
31-May-2020 01:16:27.210 信息 [main] org.apache.catalina.startup.VersionLoggerListener.log JVM 版本:           11.0.7+8-LTS
31-May-2020 01:16:27.211 信息 [main] org.apache.catalina.startup.VersionLoggerListener.log JVM.供应商:            Oracle Corporation
31-May-2020 01:16:27.211 信息 [main] org.apache.catalina.startup.VersionLoggerListener.log CATALINA_BASE:         D:\tomcat\apache-tomcat-9.0.22-windows-x64\apache-tomcat-9.0.22
31-May-2020 01:16:27.211 信息 [main] org.apache.catalina.startup.VersionLoggerListener.log CATALINA_HOME:         D:\tomcat\apache-tomcat-9.0.22-windows-x64\apache-tomcat-9.0.22
31-May-2020 01:16:27.219 信息 [main] org.apache.catalina.startup.VersionLoggerListener.log Command line argument: --add-opens=java.base/java.lang=ALL-UNNAMED
31-May-2020 01:16:27.220 信息 [main] org.apache.catalina.startup.VersionLoggerListener.log Command line argument: --add-opens=java.base/java.io=ALL-UNNAMED
31-May-2020 01:16:27.220 信息 [main] org.apache.catalina.startup.VersionLoggerListener.log Command line argument: --add-opens=java.rmi/sun.rmi.transport=ALL-UNNAMED
31-May-2020 01:16:27.220 信息 [main] org.apache.catalina.startup.VersionLoggerListener.log Command line argument: -Djava.util.logging.config.file=D:\tomcat\apache-tomcat-9.0.22-windows-x64\apache-tomcat-9.0.22\conf\logging.properties
31-May-2020 01:16:27.221 信息 [main] org.apache.catalina.startup.VersionLoggerListener.log Command line argument: -Djava.util.logging.manager=org.apache.juli.ClassLoaderLogManager
31-May-2020 01:16:27.222 信息 [main] org.apache.catalina.startup.VersionLoggerListener.log Command line argument: -Djdk.tls.ephemeralDHKeySize=2048
31-May-2020 01:16:27.223 信息 [main] org.apache.catalina.startup.VersionLoggerListener.log Command line argument: -Djava.protocol.handler.pkgs=org.apache.catalina.webresources
31-May-2020 01:16:27.223 信息 [main] org.apache.catalina.startup.VersionLoggerListener.log Command line argument: -Dignore.endorsed.dirs=
31-May-2020 01:16:27.224 信息 [main] org.apache.catalina.startup.VersionLoggerListener.log Command line argument: -Dcatalina.base=D:\tomcat\apache-tomcat-9.0.22-windows-x64\apache-tomcat-9.0.22
31-May-2020 01:16:27.224 信息 [main] org.apache.catalina.startup.VersionLoggerListener.log Command line argument: -Dcatalina.home=D:\tomcat\apache-tomcat-9.0.22-windows-x64\apache-tomcat-9.0.22
31-May-2020 01:16:27.225 信息 [main] org.apache.catalina.startup.VersionLoggerListener.log Command line argument: -Djava.io.tmpdir=D:\tomcat\apache-tomcat-9.0.22-windows-x64\apache-tomcat-9.0.22\temp
31-May-2020 01:16:27.225 信息 [main] org.apache.catalina.core.AprLifecycleListener.lifecycleEvent Loaded APR based Apache Tomcat Native library [1.2.23] using APR version [1.7.0].
31-May-2020 01:16:27.225 信息 [main] org.apache.catalina.core.AprLifecycleListener.lifecycleEvent APR capabilities: IPv6 [true], sendfile [true], accept filters [false], random [true].
31-May-2020 01:16:27.226 信息 [main] org.apache.catalina.core.AprLifecycleListener.lifecycleEvent APR/OpenSSL configuration: useAprConnector [false], useOpenSSL [true]
31-May-2020 01:16:27.231 信息 [main] org.apache.catalina.core.AprLifecycleListener.initializeSSL OpenSSL successfully initialized [OpenSSL 1.1.1c  28 May 2019]
31-May-2020 01:16:27.456 信息 [main] org.apache.coyote.AbstractProtocol.init 初始化协议处理器 ["http-nio-8080"]
31-May-2020 01:16:27.962 信息 [main] org.apache.coyote.AbstractProtocol.init 初始化协议处理器 ["ajp-nio-8009"]
31-May-2020 01:16:27.968 信息 [main] org.apache.catalina.startup.Catalina.load 服务器在[980]毫秒内初始化
31-May-2020 01:16:28.012 信息 [main] org.apache.catalina.core.StandardService.startInternal Starting service [Catalina]
31-May-2020 01:16:28.013 信息 [main] org.apache.catalina.core.StandardEngine.startInternal Starting Servlet engine: [Apache Tomcat/9.0.22]
31-May-2020 01:16:28.022 信息 [main] org.apache.catalina.startup.HostConfig.deployDirectory 把web 应用程序部署到目录 [D:\tomcat\apache-tomcat-9.0.22-windows-x64\apache-tomcat-9.0.22\webapps\docs]
31-May-2020 01:16:28.598 警告 [main] org.apache.catalina.util.SessionIdGeneratorBase.createSecureRandom Creation of SecureRandom instance for session ID generation using [SHA1PRNG] took [394] milliseconds.
31-May-2020 01:16:28.630 信息 [main] org.apache.catalina.startup.HostConfig.deployDirectory Deployment of web application directory [D:\tomcat\apache-tomcat-9.0.22-windows-x64\apache-tomcat-9.0.22\webapps\docs] has finished in [608] ms
31-May-2020 01:16:28.631 信息 [main] org.apache.catalina.startup.HostConfig.deployDirectory 把web 应用程序部署到目录 [D:\tomcat\apache-tomcat-9.0.22-windows-x64\apache-tomcat-9.0.22\webapps\examples]
31-May-2020 01:16:28.910 信息 [main] org.apache.catalina.startup.HostConfig.deployDirectory Deployment of web application directory [D:\tomcat\apache-tomcat-9.0.22-windows-x64\apache-tomcat-9.0.22\webapps\examples] has finished in [279] ms
31-May-2020 01:16:28.911 信息 [main] org.apache.catalina.startup.HostConfig.deployDirectory 把web 应用程序部署到目录 [D:\tomcat\apache-tomcat-9.0.22-windows-x64\apache-tomcat-9.0.22\webapps\host-manager]
31-May-2020 01:16:28.945 信息 [main] org.apache.catalina.startup.HostConfig.deployDirectory Deployment of web application directory [D:\tomcat\apache-tomcat-9.0.22-windows-x64\apache-tomcat-9.0.22\webapps\host-manager] has finished in [35] ms
31-May-2020 01:16:28.946 信息 [main] org.apache.catalina.startup.HostConfig.deployDirectory 把web 应用程序部署到目录 [D:\tomcat\apache-tomcat-9.0.22-windows-x64\apache-tomcat-9.0.22\webapps\manager]
31-May-2020 01:16:28.972 信息 [main] org.apache.catalina.startup.HostConfig.deployDirectory Deployment of web application directory [D:\tomcat\apache-tomcat-9.0.22-windows-x64\apache-tomcat-9.0.22\webapps\manager] has finished in [26] ms
31-May-2020 01:16:28.973 信息 [main] org.apache.catalina.startup.HostConfig.deployDirectory 把web 应用程序部署到目录 [D:\tomcat\apache-tomcat-9.0.22-windows-x64\apache-tomcat-9.0.22\webapps\ROOT]
31-May-2020 01:16:28.997 信息 [main] org.apache.catalina.startup.HostConfig.deployDirectory Deployment of web application directory [D:\tomcat\apache-tomcat-9.0.22-windows-x64\apache-tomcat-9.0.22\webapps\ROOT] has finished in [24] ms
31-May-2020 01:16:29.002 信息 [main] org.apache.coyote.AbstractProtocol.start 开始协议处理句柄["http-nio-8080"]
31-May-2020 01:16:29.012 信息 [main] org.apache.coyote.AbstractProtocol.start 开始协议处理句柄["ajp-nio-8009"]
31-May-2020 01:16:29.017 信息 [main] org.apache.catalina.startup.Catalina.start Server startup in [1,049] milliseconds
31-May-2020 01:16:43.268 严重 [main] org.apache.catalina.startup.Catalina.stopServer Could not contact [localhost:8005] (base port [8005] and offset [0]). Tomcat may not be running.
31-May-2020 01:22:34.224 信息 [main] org.apache.catalina.startup.VersionLoggerListener.log Server.服务器版本:        Apache Tomcat/9.0.22
31-May-2020 01:22:34.229 信息 [main] org.apache.catalina.startup.VersionLoggerListener.log Server.构建:          Jul 4 2019 14:20:06 UTC
31-May-2020 01:22:34.229 信息 [main] org.apache.catalina.startup.VersionLoggerListener.log Server version number: 9.0.22.0
31-May-2020 01:22:34.229 信息 [main] org.apache.catalina.startup.VersionLoggerListener.log OS Name:               Windows 10
31-May-2020 01:22:34.229 信息 [main] org.apache.catalina.startup.VersionLoggerListener.log OS.版本:            10.0
31-May-2020 01:22:34.229 信息 [main] org.apache.catalina.startup.VersionLoggerListener.log 结.造:          amd64
31-May-2020 01:22:34.229 信息 [main] org.apache.catalina.startup.VersionLoggerListener.log Java 环境变量:             D:\JDK\jdk-11.0.7
31-May-2020 01:22:34.230 信息 [main] org.apache.catalina.startup.VersionLoggerListener.log JVM 版本:           11.0.7+8-LTS
31-May-2020 01:22:34.230 信息 [main] org.apache.catalina.startup.VersionLoggerListener.log JVM.供应商:            Oracle Corporation
31-May-2020 01:22:34.230 信息 [main] org.apache.catalina.startup.VersionLoggerListener.log CATALINA_BASE:         D:\tomcat\apache-tomcat-9.0.22-windows-x64\apache-tomcat-9.0.22
31-May-2020 01:22:34.230 信息 [main] org.apache.catalina.startup.VersionLoggerListener.log CATALINA_HOME:         D:\tomcat\apache-tomcat-9.0.22-windows-x64\apache-tomcat-9.0.22
31-May-2020 01:22:34.239 信息 [main] org.apache.catalina.startup.VersionLoggerListener.log Command line argument: --add-opens=java.base/java.lang=ALL-UNNAMED
31-May-2020 01:22:34.240 信息 [main] org.apache.catalina.startup.VersionLoggerListener.log Command line argument: --add-opens=java.base/java.io=ALL-UNNAMED
31-May-2020 01:22:34.240 信息 [main] org.apache.catalina.startup.VersionLoggerListener.log Command line argument: --add-opens=java.rmi/sun.rmi.transport=ALL-UNNAMED
31-May-2020 01:22:34.242 信息 [main] org.apache.catalina.startup.VersionLoggerListener.log Command line argument: -Djava.util.logging.config.file=D:\tomcat\apache-tomcat-9.0.22-windows-x64\apache-tomcat-9.0.22\conf\logging.properties
31-May-2020 01:22:34.242 信息 [main] org.apache.catalina.startup.VersionLoggerListener.log Command line argument: -Djava.util.logging.manager=org.apache.juli.ClassLoaderLogManager
31-May-2020 01:22:34.242 信息 [main] org.apache.catalina.startup.VersionLoggerListener.log Command line argument: -Djdk.tls.ephemeralDHKeySize=2048
31-May-2020 01:22:34.243 信息 [main] org.apache.catalina.startup.VersionLoggerListener.log Command line argument: -Djava.protocol.handler.pkgs=org.apache.catalina.webresources
31-May-2020 01:22:34.243 信息 [main] org.apache.catalina.startup.VersionLoggerListener.log Command line argument: -Dignore.endorsed.dirs=
31-May-2020 01:22:34.244 信息 [main] org.apache.catalina.startup.VersionLoggerListener.log Command line argument: -Dcatalina.base=D:\tomcat\apache-tomcat-9.0.22-windows-x64\apache-tomcat-9.0.22
31-May-2020 01:22:34.244 信息 [main] org.apache.catalina.startup.VersionLoggerListener.log Command line argument: -Dcatalina.home=D:\tomcat\apache-tomcat-9.0.22-windows-x64\apache-tomcat-9.0.22
31-May-2020 01:22:34.244 信息 [main] org.apache.catalina.startup.VersionLoggerListener.log Command line argument: -Djava.io.tmpdir=D:\tomcat\apache-tomcat-9.0.22-windows-x64\apache-tomcat-9.0.22\temp
31-May-2020 01:22:34.245 信息 [main] org.apache.catalina.core.AprLifecycleListener.lifecycleEvent Loaded APR based Apache Tomcat Native library [1.2.23] using APR version [1.7.0].
31-May-2020 01:22:34.245 信息 [main] org.apache.catalina.core.AprLifecycleListener.lifecycleEvent APR capabilities: IPv6 [true], sendfile [true], accept filters [false], random [true].
31-May-2020 01:22:34.246 信息 [main] org.apache.catalina.core.AprLifecycleListener.lifecycleEvent APR/OpenSSL configuration: useAprConnector [false], useOpenSSL [true]
31-May-2020 01:22:34.251 信息 [main] org.apache.catalina.core.AprLifecycleListener.initializeSSL OpenSSL successfully initialized [OpenSSL 1.1.1c  28 May 2019]
31-May-2020 01:22:34.472 信息 [main] org.apache.coyote.AbstractProtocol.init 初始化协议处理器 ["http-nio-8080"]
31-May-2020 01:22:34.925 信息 [main] org.apache.coyote.AbstractProtocol.init 初始化协议处理器 ["ajp-nio-8009"]
31-May-2020 01:22:34.929 信息 [main] org.apache.catalina.startup.Catalina.load 服务器在[872]毫秒内初始化
31-May-2020 01:22:34.969 信息 [main] org.apache.catalina.core.StandardService.startInternal Starting service [Catalina]
31-May-2020 01:22:34.970 信息 [main] org.apache.catalina.core.StandardEngine.startInternal Starting Servlet engine: [Apache Tomcat/9.0.22]
31-May-2020 01:22:34.977 信息 [main] org.apache.catalina.startup.HostConfig.deployDirectory 把web 应用程序部署到目录 [D:\tomcat\apache-tomcat-9.0.22-windows-x64\apache-tomcat-9.0.22\webapps\docs]
31-May-2020 01:22:35.579 警告 [main] org.apache.catalina.util.SessionIdGeneratorBase.createSecureRandom Creation of SecureRandom instance for session ID generation using [SHA1PRNG] took [431] milliseconds.
31-May-2020 01:22:35.603 信息 [main] org.apache.catalina.startup.HostConfig.deployDirectory Deployment of web application directory [D:\tomcat\apache-tomcat-9.0.22-windows-x64\apache-tomcat-9.0.22\webapps\docs] has finished in [626] ms
31-May-2020 01:22:35.604 信息 [main] org.apache.catalina.startup.HostConfig.deployDirectory 把web 应用程序部署到目录 [D:\tomcat\apache-tomcat-9.0.22-windows-x64\apache-tomcat-9.0.22\webapps\examples]
31-May-2020 01:22:35.862 信息 [main] org.apache.catalina.startup.HostConfig.deployDirectory Deployment of web application directory [D:\tomcat\apache-tomcat-9.0.22-windows-x64\apache-tomcat-9.0.22\webapps\examples] has finished in [258] ms
31-May-2020 01:22:35.862 信息 [main] org.apache.catalina.startup.HostConfig.deployDirectory 把web 应用程序部署到目录 [D:\tomcat\apache-tomcat-9.0.22-windows-x64\apache-tomcat-9.0.22\webapps\host-manager]
31-May-2020 01:22:35.889 信息 [main] org.apache.catalina.startup.HostConfig.deployDirectory Deployment of web application directory [D:\tomcat\apache-tomcat-9.0.22-windows-x64\apache-tomcat-9.0.22\webapps\host-manager] has finished in [27] ms
31-May-2020 01:22:35.890 信息 [main] org.apache.catalina.startup.HostConfig.deployDirectory 把web 应用程序部署到目录 [D:\tomcat\apache-tomcat-9.0.22-windows-x64\apache-tomcat-9.0.22\webapps\manager]
31-May-2020 01:22:35.915 信息 [main] org.apache.catalina.startup.HostConfig.deployDirectory Deployment of web application directory [D:\tomcat\apache-tomcat-9.0.22-windows-x64\apache-tomcat-9.0.22\webapps\manager] has finished in [25] ms
31-May-2020 01:22:35.916 信息 [main] org.apache.catalina.startup.HostConfig.deployDirectory 把web 应用程序部署到目录 [D:\tomcat\apache-tomcat-9.0.22-windows-x64\apache-tomcat-9.0.22\webapps\ROOT]
31-May-2020 01:22:35.938 信息 [main] org.apache.catalina.startup.HostConfig.deployDirectory Deployment of web application directory [D:\tomcat\apache-tomcat-9.0.22-windows-x64\apache-tomcat-9.0.22\webapps\ROOT] has finished in [22] ms
31-May-2020 01:22:35.942 信息 [main] org.apache.coyote.AbstractProtocol.start 开始协议处理句柄["http-nio-8080"]
31-May-2020 01:22:35.952 信息 [main] org.apache.coyote.AbstractProtocol.start 开始协议处理句柄["ajp-nio-8009"]
31-May-2020 01:22:35.956 信息 [main] org.apache.catalina.startup.Catalina.start Server startup in [1,025] milliseconds
31-May-2020 09:04:03.302 信息 [main] org.apache.catalina.startup.VersionLoggerListener.log Server.服务器版本:        Apache Tomcat/9.0.22
31-May-2020 09:04:03.308 信息 [main] org.apache.catalina.startup.VersionLoggerListener.log Server.构建:          Jul 4 2019 14:20:06 UTC
31-May-2020 09:04:03.308 信息 [main] org.apache.catalina.startup.VersionLoggerListener.log Server version number: 9.0.22.0
31-May-2020 09:04:03.309 信息 [main] org.apache.catalina.startup.VersionLoggerListener.log OS Name:               Windows 10
31-May-2020 09:04:03.309 信息 [main] org.apache.catalina.startup.VersionLoggerListener.log OS.版本:            10.0
31-May-2020 09:04:03.309 信息 [main] org.apache.catalina.startup.VersionLoggerListener.log 结.造:          amd64
31-May-2020 09:04:03.309 信息 [main] org.apache.catalina.startup.VersionLoggerListener.log Java 环境变量:             D:\JDK\jdk-11.0.7
31-May-2020 09:04:03.319 信息 [main] org.apache.catalina.startup.VersionLoggerListener.log JVM 版本:           11.0.7+8-LTS
31-May-2020 09:04:03.324 信息 [main] org.apache.catalina.startup.VersionLoggerListener.log JVM.供应商:            Oracle Corporation
31-May-2020 09:04:03.324 信息 [main] org.apache.catalina.startup.VersionLoggerListener.log CATALINA_BASE:         D:\tomcat\apache-tomcat-9.0.22-windows-x64\apache-tomcat-9.0.22
31-May-2020 09:04:03.325 信息 [main] org.apache.catalina.startup.VersionLoggerListener.log CATALINA_HOME:         D:\tomcat\apache-tomcat-9.0.22-windows-x64\apache-tomcat-9.0.22
31-May-2020 09:04:03.325 信息 [main] org.apache.catalina.startup.VersionLoggerListener.log Command line argument: --add-opens=java.base/java.lang=ALL-UNNAMED
31-May-2020 09:04:03.326 信息 [main] org.apache.catalina.startup.VersionLoggerListener.log Command line argument: --add-opens=java.base/java.io=ALL-UNNAMED
31-May-2020 09:04:03.326 信息 [main] org.apache.catalina.startup.VersionLoggerListener.log Command line argument: --add-opens=java.rmi/sun.rmi.transport=ALL-UNNAMED
31-May-2020 09:04:03.326 信息 [main] org.apache.catalina.startup.VersionLoggerListener.log Command line argument: -Djava.util.logging.config.file=D:\tomcat\apache-tomcat-9.0.22-windows-x64\apache-tomcat-9.0.22\conf\logging.properties
31-May-2020 09:04:03.327 信息 [main] org.apache.catalina.startup.VersionLoggerListener.log Command line argument: -Djava.util.logging.manager=org.apache.juli.ClassLoaderLogManager
31-May-2020 09:04:03.328 信息 [main] org.apache.catalina.startup.VersionLoggerListener.log Command line argument: -Djdk.tls.ephemeralDHKeySize=2048
31-May-2020 09:04:03.329 信息 [main] org.apache.catalina.startup.VersionLoggerListener.log Command line argument: -Djava.protocol.handler.pkgs=org.apache.catalina.webresources
31-May-2020 09:04:03.329 信息 [main] org.apache.catalina.startup.VersionLoggerListener.log Command line argument: -Dignore.endorsed.dirs=
31-May-2020 09:04:03.330 信息 [main] org.apache.catalina.startup.VersionLoggerListener.log Command line argument: -Dcatalina.base=D:\tomcat\apache-tomcat-9.0.22-windows-x64\apache-tomcat-9.0.22
31-May-2020 09:04:03.331 信息 [main] org.apache.catalina.startup.VersionLoggerListener.log Command line argument: -Dcatalina.home=D:\tomcat\apache-tomcat-9.0.22-windows-x64\apache-tomcat-9.0.22
31-May-2020 09:04:03.331 信息 [main] org.apache.catalina.startup.VersionLoggerListener.log Command line argument: -Djava.io.tmpdir=D:\tomcat\apache-tomcat-9.0.22-windows-x64\apache-tomcat-9.0.22\temp
31-May-2020 09:04:03.331 信息 [main] org.apache.catalina.core.AprLifecycleListener.lifecycleEvent Loaded APR based Apache Tomcat Native library [1.2.23] using APR version [1.7.0].
31-May-2020 09:04:03.332 信息 [main] org.apache.catalina.core.AprLifecycleListener.lifecycleEvent APR capabilities: IPv6 [true], sendfile [true], accept filters [false], random [true].
31-May-2020 09:04:03.332 信息 [main] org.apache.catalina.core.AprLifecycleListener.lifecycleEvent APR/OpenSSL configuration: useAprConnector [false], useOpenSSL [true]
31-May-2020 09:04:03.338 信息 [main] org.apache.catalina.core.AprLifecycleListener.initializeSSL OpenSSL successfully initialized [OpenSSL 1.1.1c  28 May 2019]
31-May-2020 09:04:03.545 信息 [main] org.apache.coyote.AbstractProtocol.init 初始化协议处理器 ["http-nio-8080"]
31-May-2020 09:04:04.007 信息 [main] org.apache.coyote.AbstractProtocol.init 初始化协议处理器 ["ajp-nio-8009"]
31-May-2020 09:04:04.013 信息 [main] org.apache.catalina.startup.Catalina.load 服务器在[906]毫秒内初始化
31-May-2020 09:04:04.071 信息 [main] org.apache.catalina.core.StandardService.startInternal Starting service [Catalina]
31-May-2020 09:04:04.072 信息 [main] org.apache.catalina.core.StandardEngine.startInternal Starting Servlet engine: [Apache Tomcat/9.0.22]
31-May-2020 09:04:04.086 信息 [main] org.apache.catalina.startup.HostConfig.deployDirectory 把web 应用程序部署到目录 [D:\tomcat\apache-tomcat-9.0.22-windows-x64\apache-tomcat-9.0.22\webapps\docs]
31-May-2020 09:04:04.728 警告 [main] org.apache.catalina.util.SessionIdGeneratorBase.createSecureRandom Creation of SecureRandom instance for session ID generation using [SHA1PRNG] took [405] milliseconds.
31-May-2020 09:04:04.757 信息 [main] org.apache.catalina.startup.HostConfig.deployDirectory Deployment of web application directory [D:\tomcat\apache-tomcat-9.0.22-windows-x64\apache-tomcat-9.0.22\webapps\docs] has finished in [671] ms
31-May-2020 09:04:04.757 信息 [main] org.apache.catalina.startup.HostConfig.deployDirectory 把web 应用程序部署到目录 [D:\tomcat\apache-tomcat-9.0.22-windows-x64\apache-tomcat-9.0.22\webapps\examples]
31-May-2020 09:04:05.120 信息 [main] org.apache.catalina.startup.HostConfig.deployDirectory Deployment of web application directory [D:\tomcat\apache-tomcat-9.0.22-windows-x64\apache-tomcat-9.0.22\webapps\examples] has finished in [363] ms
31-May-2020 09:04:05.120 信息 [main] org.apache.catalina.startup.HostConfig.deployDirectory 把web 应用程序部署到目录 [D:\tomcat\apache-tomcat-9.0.22-windows-x64\apache-tomcat-9.0.22\webapps\host-manager]
31-May-2020 09:04:05.152 信息 [main] org.apache.catalina.startup.HostConfig.deployDirectory Deployment of web application directory [D:\tomcat\apache-tomcat-9.0.22-windows-x64\apache-tomcat-9.0.22\webapps\host-manager] has finished in [32] ms
31-May-2020 09:04:05.153 信息 [main] org.apache.catalina.startup.HostConfig.deployDirectory 把web 应用程序部署到目录 [D:\tomcat\apache-tomcat-9.0.22-windows-x64\apache-tomcat-9.0.22\webapps\manager]
31-May-2020 09:04:05.183 信息 [main] org.apache.catalina.startup.HostConfig.deployDirectory Deployment of web application directory [D:\tomcat\apache-tomcat-9.0.22-windows-x64\apache-tomcat-9.0.22\webapps\manager] has finished in [30] ms
31-May-2020 09:04:05.183 信息 [main] org.apache.catalina.startup.HostConfig.deployDirectory 把web 应用程序部署到目录 [D:\tomcat\apache-tomcat-9.0.22-windows-x64\apache-tomcat-9.0.22\webapps\ROOT]
31-May-2020 09:04:05.207 信息 [main] org.apache.catalina.startup.HostConfig.deployDirectory Deployment of web application directory [D:\tomcat\apache-tomcat-9.0.22-windows-x64\apache-tomcat-9.0.22\webapps\ROOT] has finished in [24] ms
31-May-2020 09:04:05.211 信息 [main] org.apache.coyote.AbstractProtocol.start 开始协议处理句柄["http-nio-8080"]
31-May-2020 09:04:05.220 信息 [main] org.apache.coyote.AbstractProtocol.start 开始协议处理句柄["ajp-nio-8009"]
31-May-2020 09:04:05.226 信息 [main] org.apache.catalina.startup.Catalina.start Server startup in [1,213] milliseconds
31-May-2020 14:43:22.192 信息 [main] org.apache.catalina.startup.VersionLoggerListener.log Server.服务器版本:        Apache Tomcat/9.0.22
31-May-2020 14:43:22.199 信息 [main] org.apache.catalina.startup.VersionLoggerListener.log Server.构建:          Jul 4 2019 14:20:06 UTC
31-May-2020 14:43:22.199 信息 [main] org.apache.catalina.startup.VersionLoggerListener.log Server version number: 9.0.22.0
31-May-2020 14:43:22.200 信息 [main] org.apache.catalina.startup.VersionLoggerListener.log OS Name:               Windows 10
31-May-2020 14:43:22.200 信息 [main] org.apache.catalina.startup.VersionLoggerListener.log OS.版本:            10.0
31-May-2020 14:43:22.201 信息 [main] org.apache.catalina.startup.VersionLoggerListener.log 结.造:          amd64
31-May-2020 14:43:22.201 信息 [main] org.apache.catalina.startup.VersionLoggerListener.log Java 环境变量:             D:\JDK\jdk-11.0.7
31-May-2020 14:43:22.212 信息 [main] org.apache.catalina.startup.VersionLoggerListener.log JVM 版本:           11.0.7+8-LTS
31-May-2020 14:43:22.219 信息 [main] org.apache.catalina.startup.VersionLoggerListener.log JVM.供应商:            Oracle Corporation
31-May-2020 14:43:22.220 信息 [main] org.apache.catalina.startup.VersionLoggerListener.log CATALINA_BASE:         D:\tomcat\apache-tomcat-9.0.22-windows-x64\apache-tomcat-9.0.22
31-May-2020 14:43:22.220 信息 [main] org.apache.catalina.startup.VersionLoggerListener.log CATALINA_HOME:         D:\tomcat\apache-tomcat-9.0.22-windows-x64\apache-tomcat-9.0.22
31-May-2020 14:43:22.220 信息 [main] org.apache.catalina.startup.VersionLoggerListener.log Command line argument: --add-opens=java.base/java.lang=ALL-UNNAMED
31-May-2020 14:43:22.221 信息 [main] org.apache.catalina.startup.VersionLoggerListener.log Command line argument: --add-opens=java.base/java.io=ALL-UNNAMED
31-May-2020 14:43:22.221 信息 [main] org.apache.catalina.startup.VersionLoggerListener.log Command line argument: --add-opens=java.rmi/sun.rmi.transport=ALL-UNNAMED
31-May-2020 14:43:22.221 信息 [main] org.apache.catalina.startup.VersionLoggerListener.log Command line argument: -Djava.util.logging.config.file=D:\tomcat\apache-tomcat-9.0.22-windows-x64\apache-tomcat-9.0.22\conf\logging.properties
31-May-2020 14:43:22.222 信息 [main] org.apache.catalina.startup.VersionLoggerListener.log Command line argument: -Djava.util.logging.manager=org.apache.juli.ClassLoaderLogManager
31-May-2020 14:43:22.223 信息 [main] org.apache.catalina.startup.VersionLoggerListener.log Command line argument: -Djdk.tls.ephemeralDHKeySize=2048
31-May-2020 14:43:22.224 信息 [main] org.apache.catalina.startup.VersionLoggerListener.log Command line argument: -Djava.protocol.handler.pkgs=org.apache.catalina.webresources
31-May-2020 14:43:22.225 信息 [main] org.apache.catalina.startup.VersionLoggerListener.log Command line argument: -Dignore.endorsed.dirs=
31-May-2020 14:43:22.225 信息 [main] org.apache.catalina.startup.VersionLoggerListener.log Command line argument: -Dcatalina.base=D:\tomcat\apache-tomcat-9.0.22-windows-x64\apache-tomcat-9.0.22
31-May-2020 14:43:22.226 信息 [main] org.apache.catalina.startup.VersionLoggerListener.log Command line argument: -Dcatalina.home=D:\tomcat\apache-tomcat-9.0.22-windows-x64\apache-tomcat-9.0.22
31-May-2020 14:43:22.226 信息 [main] org.apache.catalina.startup.VersionLoggerListener.log Command line argument: -Djava.io.tmpdir=D:\tomcat\apache-tomcat-9.0.22-windows-x64\apache-tomcat-9.0.22\temp
31-May-2020 14:43:22.227 信息 [main] org.apache.catalina.core.AprLifecycleListener.lifecycleEvent Loaded APR based Apache Tomcat Native library [1.2.23] using APR version [1.7.0].
31-May-2020 14:43:22.227 信息 [main] org.apache.catalina.core.AprLifecycleListener.lifecycleEvent APR capabilities: IPv6 [true], sendfile [true], accept filters [false], random [true].
31-May-2020 14:43:22.228 信息 [main] org.apache.catalina.core.AprLifecycleListener.lifecycleEvent APR/OpenSSL configuration: useAprConnector [false], useOpenSSL [true]
31-May-2020 14:43:22.239 信息 [main] org.apache.catalina.core.AprLifecycleListener.initializeSSL OpenSSL successfully initialized [OpenSSL 1.1.1c  28 May 2019]
31-May-2020 14:43:22.496 信息 [main] org.apache.coyote.AbstractProtocol.init 初始化协议处理器 ["http-nio-8080"]
31-May-2020 14:43:22.983 信息 [main] org.apache.coyote.AbstractProtocol.init 初始化协议处理器 ["ajp-nio-8009"]
31-May-2020 14:43:22.989 信息 [main] org.apache.catalina.startup.Catalina.load 服务器在[1,000]毫秒内初始化
31-May-2020 14:43:23.039 信息 [main] org.apache.catalina.core.StandardService.startInternal Starting service [Catalina]
31-May-2020 14:43:23.039 信息 [main] org.apache.catalina.core.StandardEngine.startInternal Starting Servlet engine: [Apache Tomcat/9.0.22]
31-May-2020 14:43:23.048 信息 [main] org.apache.catalina.startup.HostConfig.deployDirectory 把web 应用程序部署到目录 [D:\tomcat\apache-tomcat-9.0.22-windows-x64\apache-tomcat-9.0.22\webapps\docs]
31-May-2020 14:43:23.708 警告 [main] org.apache.catalina.util.SessionIdGeneratorBase.createSecureRandom Creation of SecureRandom instance for session ID generation using [SHA1PRNG] took [418] milliseconds.
31-May-2020 14:43:23.738 信息 [main] org.apache.catalina.startup.HostConfig.deployDirectory Deployment of web application directory [D:\tomcat\apache-tomcat-9.0.22-windows-x64\apache-tomcat-9.0.22\webapps\docs] has finished in [690] ms
31-May-2020 14:43:23.739 信息 [main] org.apache.catalina.startup.HostConfig.deployDirectory 把web 应用程序部署到目录 [D:\tomcat\apache-tomcat-9.0.22-windows-x64\apache-tomcat-9.0.22\webapps\examples]
31-May-2020 14:43:24.086 信息 [main] org.apache.catalina.startup.HostConfig.deployDirectory Deployment of web application directory [D:\tomcat\apache-tomcat-9.0.22-windows-x64\apache-tomcat-9.0.22\webapps\examples] has finished in [347] ms
31-May-2020 14:43:24.087 信息 [main] org.apache.catalina.startup.HostConfig.deployDirectory 把web 应用程序部署到目录 [D:\tomcat\apache-tomcat-9.0.22-windows-x64\apache-tomcat-9.0.22\webapps\host-manager]
31-May-2020 14:43:24.125 信息 [main] org.apache.catalina.startup.HostConfig.deployDirectory Deployment of web application directory [D:\tomcat\apache-tomcat-9.0.22-windows-x64\apache-tomcat-9.0.22\webapps\host-manager] has finished in [39] ms
31-May-2020 14:43:24.126 信息 [main] org.apache.catalina.startup.HostConfig.deployDirectory 把web 应用程序部署到目录 [D:\tomcat\apache-tomcat-9.0.22-windows-x64\apache-tomcat-9.0.22\webapps\manager]
31-May-2020 14:43:24.164 信息 [main] org.apache.catalina.startup.HostConfig.deployDirectory Deployment of web application directory [D:\tomcat\apache-tomcat-9.0.22-windows-x64\apache-tomcat-9.0.22\webapps\manager] has finished in [39] ms
31-May-2020 14:43:24.166 信息 [main] org.apache.catalina.startup.HostConfig.deployDirectory 把web 应用程序部署到目录 [D:\tomcat\apache-tomcat-9.0.22-windows-x64\apache-tomcat-9.0.22\webapps\ROOT]
31-May-2020 14:43:24.196 信息 [main] org.apache.catalina.startup.HostConfig.deployDirectory Deployment of web application directory [D:\tomcat\apache-tomcat-9.0.22-windows-x64\apache-tomcat-9.0.22\webapps\ROOT] has finished in [31] ms
31-May-2020 14:43:24.203 信息 [main] org.apache.coyote.AbstractProtocol.start 开始协议处理句柄["http-nio-8080"]
31-May-2020 14:43:24.212 信息 [main] org.apache.coyote.AbstractProtocol.start 开始协议处理句柄["ajp-nio-8009"]
31-May-2020 14:43:24.219 信息 [main] org.apache.catalina.startup.Catalina.start Server startup in [1,228] milliseconds
